<?xml version="1.0" encoding="UTF-8"?>
<!-- Generated by org.testng.reporters.JUnitReportReporter -->
<testsuite hostname="SACHIN" name="TestNG_Disscussion.Parameter2InTestNG" tests="2" failures="0" timestamp="3 May 2021 09:36:48 GMT" time="0.045" errors="0">
  <testcase name="testcase1" time="0.025" classname="TestNG_Disscussion.Parameter2InTestNG"/>
  <testcase name="testcase1" time="0.020" classname="TestNG_Disscussion.Parameter2InTestNG"/>
</testsuite> <!-- TestNG_Disscussion.Parameter2InTestNG -->
