<?xml version="1.0" encoding="UTF-8"?>
<!-- Generated by org.testng.reporters.JUnitReportReporter -->
<testsuite hostname="SACHIN" name="TestNG_Disscussion.TestClass" tests="1" failures="0" timestamp="24 Apr 2021 05:55:14 GMT" time="0.038" errors="0">
  <testcase name="testCase1" time="0.038" classname="TestNG_Disscussion.TestClass"/>
</testsuite> <!-- TestNG_Disscussion.TestClass -->
