<?xml version="1.0" encoding="UTF-8"?>
<!-- Generated by org.testng.reporters.JUnitReportReporter -->
<testsuite hostname="SACHIN" name="TestNG_Disscussion.ParallelExecutionOfTest2" tests="2" failures="0" timestamp="4 May 2021 09:00:05 GMT" time="0.037" errors="0">
  <testcase name="testcase3" time="0.022" classname="TestNG_Disscussion.ParallelExecutionOfTest2"/>
  <testcase name="testcase4" time="0.015" classname="TestNG_Disscussion.ParallelExecutionOfTest2"/>
</testsuite> <!-- TestNG_Disscussion.ParallelExecutionOfTest2 -->
