<?xml version="1.0" encoding="UTF-8"?>
<!-- Generated by org.testng.reporters.JUnitReportReporter -->
<testsuite hostname="SACHIN" name="TestNG_Disscussion.AssignWith_OrangeHrm" tests="1" failures="0" timestamp="27 Apr 2021 07:15:17 GMT" time="3.816" errors="0">
  <testcase name="testcase" time="3.816" classname="TestNG_Disscussion.AssignWith_OrangeHrm"/>
</testsuite> <!-- TestNG_Disscussion.AssignWith_OrangeHrm -->
