<?xml version="1.0" encoding="UTF-8"?>
<!-- Generated by org.testng.reporters.JUnitReportReporter -->
<testsuite hostname="SACHIN" name="TestNG_Disscussion.SkippedTestCase2" tests="2" failures="0" timestamp="1 May 2021 06:04:41 GMT" time="0.010" errors="0">
  <testcase name="testcase4" time="0.005" classname="TestNG_Disscussion.SkippedTestCase2"/>
  <testcase name="testcase3" time="0.005" classname="TestNG_Disscussion.SkippedTestCase2"/>
</testsuite> <!-- TestNG_Disscussion.SkippedTestCase2 -->
