<?xml version="1.0" encoding="UTF-8"?>
<!-- Generated by org.testng.reporters.JUnitReportReporter -->
<testsuite hostname="SACHIN" name="TestNG_Disscussion.GroupingOfTestCase" tests="2" failures="0" timestamp="3 May 2021 06:15:12 GMT" time="0.013" errors="0">
  <testcase name="testcase4" time="0.002" classname="TestNG_Disscussion.GroupingOfTestCase"/>
  <testcase name="testcase1" time="0.011" classname="TestNG_Disscussion.GroupingOfTestCase"/>
</testsuite> <!-- TestNG_Disscussion.GroupingOfTestCase -->
