<?xml version="1.0" encoding="UTF-8"?>
<!-- Generated by org.testng.reporters.JUnitReportReporter -->
<testsuite hostname="SACHIN" name="TestNG_Disscussion.Inclusion" tests="1" failures="0" timestamp="29 Apr 2021 05:41:15 GMT" time="0.045" errors="0">
  <testcase name="testcase1" time="0.045" classname="TestNG_Disscussion.Inclusion"/>
</testsuite> <!-- TestNG_Disscussion.Inclusion -->
