<?xml version="1.0" encoding="UTF-8"?>
<!-- Generated by org.testng.reporters.JUnitReportReporter -->
<testsuite hostname="SACHIN" name="TestNG_Disscussion.TestCaseWith_Priority" tests="4" failures="0" timestamp="26 Apr 2021 06:16:07 GMT" time="0.016" errors="0">
  <testcase name="testCase4" time="0.000" classname="TestNG_Disscussion.TestCaseWith_Priority"/>
  <testcase name="testCase2" time="0.000" classname="TestNG_Disscussion.TestCaseWith_Priority"/>
  <testcase name="testCase1" time="0.016" classname="TestNG_Disscussion.TestCaseWith_Priority"/>
  <testcase name="testCase3" time="0.000" classname="TestNG_Disscussion.TestCaseWith_Priority"/>
</testsuite> <!-- TestNG_Disscussion.TestCaseWith_Priority -->
