<?xml version="1.0" encoding="UTF-8"?>
<!-- Generated by org.testng.reporters.JUnitReportReporter -->
<testsuite hostname="SACHIN" name="TestNG_Disscussion.Test3" tests="2" failures="0" timestamp="3 May 2021 09:24:55 GMT" time="0.039" errors="0">
  <testcase name="testcase5" time="0.030" classname="TestNG_Disscussion.Test3"/>
  <testcase name="testcase6" time="0.009" classname="TestNG_Disscussion.Test3"/>
</testsuite> <!-- TestNG_Disscussion.Test3 -->
