<?xml version="1.0" encoding="UTF-8"?>
<!-- Generated by org.testng.reporters.JUnitReportReporter -->
<testsuite hostname="SACHIN" name="TestNG_Disscussion.ParallelExecutionOfClass1" tests="2" failures="0" timestamp="4 May 2021 08:59:45 GMT" time="18.152" errors="0">
  <testcase name="testcase1" time="9.686" classname="TestNG_Disscussion.ParallelExecutionOfClass1"/>
  <testcase name="testcase2" time="8.466" classname="TestNG_Disscussion.ParallelExecutionOfClass1"/>
</testsuite> <!-- TestNG_Disscussion.ParallelExecutionOfClass1 -->
