<?xml version="1.0" encoding="UTF-8"?>
<!-- Generated by org.testng.reporters.JUnitReportReporter -->
<testsuite hostname="SACHIN" name="TestNG_Disscussion.ParameterInTestNG" tests="2" failures="0" timestamp="6 May 2021 06:34:23 GMT" time="7.072" errors="0">
  <testcase name="testcase1" time="0.026" classname="TestNG_Disscussion.ParameterInTestNG"/>
  <testcase name="testcase1" time="7.046" classname="TestNG_Disscussion.ParameterInTestNG"/>
</testsuite> <!-- TestNG_Disscussion.ParameterInTestNG -->
