<?xml version="1.0" encoding="UTF-8"?>
<!-- Generated by org.testng.reporters.JUnitReportReporter -->
<testsuite hostname="SACHIN" name="TestNG_Disscussion.AnnotationInTestNG" tests="2" failures="0" timestamp="28 Apr 2021 07:39:21 GMT" time="0.017" errors="0">
  <testcase name="testcase1" time="0.001" classname="TestNG_Disscussion.AnnotationInTestNG"/>
  <testcase name="testcase" time="0.016" classname="TestNG_Disscussion.AnnotationInTestNG"/>
</testsuite> <!-- TestNG_Disscussion.AnnotationInTestNG -->
