<?xml version="1.0" encoding="UTF-8"?>
<!-- Generated by org.testng.reporters.JUnitReportReporter -->
<testsuite hostname="SACHIN" name="TestNG_Disscussion.InvalidProgram" tests="1" failures="0" timestamp="4 May 2021 07:52:00 GMT" time="0.010" errors="0">
  <testcase name="testcase" time="0.010" classname="TestNG_Disscussion.InvalidProgram"/>
</testsuite> <!-- TestNG_Disscussion.InvalidProgram -->
