<?xml version="1.0" encoding="UTF-8"?>
<!-- Generated by org.testng.reporters.JUnitReportReporter -->
<testsuite hostname="SACHIN" name="TestNG_Disscussion.AssertionWith_method" tests="2" failures="0" timestamp="28 Apr 2021 07:02:09 GMT" time="10.260" errors="0">
  <testcase name="testcase1" time="10.260" classname="TestNG_Disscussion.AssertionWith_method"/>
  <testcase name="testcase2" time="0.000" classname="TestNG_Disscussion.AssertionWith_method"/>
</testsuite> <!-- TestNG_Disscussion.AssertionWith_method -->
