<?xml version="1.0" encoding="UTF-8"?>
<!-- Generated by org.testng.reporters.JUnitReportReporter -->
<testsuite hostname="SACHIN" name="TestNG_Disscussion.ParallelExecutionOfClass2" tests="1" failures="0" timestamp="4 May 2021 08:59:45 GMT" time="10.142" errors="0">
  <testcase name="testcase3" time="10.142" classname="TestNG_Disscussion.ParallelExecutionOfClass2"/>
</testsuite> <!-- TestNG_Disscussion.ParallelExecutionOfClass2 -->
