<?xml version="1.0" encoding="UTF-8"?>
<!-- Generated by org.testng.reporters.JUnitReportReporter -->
<testsuite hostname="SACHIN" name="TestNG_Disscussion.test1" tests="2" failures="0" timestamp="3 May 2021 09:24:55 GMT" time="0.036" errors="0">
  <testcase name="testcase1" time="0.036" classname="TestNG_Disscussion.test1"/>
  <testcase name="testcase2" time="0.000" classname="TestNG_Disscussion.test1"/>
</testsuite> <!-- TestNG_Disscussion.test1 -->
