<?xml version="1.0" encoding="UTF-8"?>
<!-- Generated by org.testng.reporters.JUnitReportReporter -->
<testsuite hostname="SACHIN" name="PomTest.LoginTestClass" tests="2" failures="0" timestamp="6 May 2021 06:26:50 GMT" time="5.006" errors="0">
  <testcase name="loginPage" time="4.986" classname="PomTest.LoginTestClass"/>
  <testcase name="title" time="0.020" classname="PomTest.LoginTestClass"/>
</testsuite> <!-- PomTest.LoginTestClass -->
