<?xml version="1.0" encoding="UTF-8"?>
<!-- Generated by org.testng.reporters.JUnitReportReporter -->
<testsuite hostname="SACHIN" name="TestNG_Disscussion.GroupingOfTestCase2" tests="2" failures="0" timestamp="3 May 2021 06:15:12 GMT" time="0.005" errors="0">
  <testcase name="testcase6" time="0.002" classname="TestNG_Disscussion.GroupingOfTestCase2"/>
  <testcase name="testcase7" time="0.003" classname="TestNG_Disscussion.GroupingOfTestCase2"/>
</testsuite> <!-- TestNG_Disscussion.GroupingOfTestCase2 -->
