<?xml version="1.0" encoding="UTF-8"?>
<!-- Generated by org.testng.reporters.JUnitReportReporter -->
<testsuite hostname="SACHIN" name="TestNG_Disscussion.SkippedTestCase" tests="2" failures="0" timestamp="1 May 2021 06:04:41 GMT" time="0.044" errors="0">
  <testcase name="testcase1" time="0.039" classname="TestNG_Disscussion.SkippedTestCase"/>
  <testcase name="testcase2" time="0.005" classname="TestNG_Disscussion.SkippedTestCase"/>
</testsuite> <!-- TestNG_Disscussion.SkippedTestCase -->
