<?xml version="1.0" encoding="UTF-8"?>
<!-- Generated by org.testng.reporters.JUnitReportReporter -->
<testsuite hostname="SACHIN" name="TestNG_Disscussion.TestCaseWith_Keyword" tests="5" failures="0" timestamp="26 Apr 2021 06:25:11 GMT" time="0.022" errors="0">
  <testcase name="testCase1" time="0.000" classname="TestNG_Disscussion.TestCaseWith_Keyword"/>
  <testcase name="testCase1" time="0.000" classname="TestNG_Disscussion.TestCaseWith_Keyword"/>
  <testcase name="testCase1" time="0.000" classname="TestNG_Disscussion.TestCaseWith_Keyword"/>
  <testcase name="testCase1" time="0.000" classname="TestNG_Disscussion.TestCaseWith_Keyword"/>
  <testcase name="testCase1" time="0.022" classname="TestNG_Disscussion.TestCaseWith_Keyword"/>
</testsuite> <!-- TestNG_Disscussion.TestCaseWith_Keyword -->
