<?xml version="1.0" encoding="UTF-8"?>
<!-- Generated by org.testng.reporters.JUnitReportReporter -->
<testsuite hostname="SACHIN" name="TestNG_Disscussion.ParallelExecutionOfMethod" tests="4" failures="0" timestamp="1 May 2021 06:30:10 GMT" time="0.308" errors="0">
  <testcase name="testcase4" time="0.075" classname="TestNG_Disscussion.ParallelExecutionOfMethod"/>
  <testcase name="testcase1" time="0.083" classname="TestNG_Disscussion.ParallelExecutionOfMethod"/>
  <testcase name="testcase2" time="0.075" classname="TestNG_Disscussion.ParallelExecutionOfMethod"/>
  <testcase name="testcase3" time="0.075" classname="TestNG_Disscussion.ParallelExecutionOfMethod"/>
</testsuite> <!-- TestNG_Disscussion.ParallelExecutionOfMethod -->
