<?xml version="1.0" encoding="UTF-8"?>
<!-- Generated by org.testng.reporters.JUnitReportReporter -->
<testsuite hostname="SACHIN" name="TestNG_Disscussion.Test4" tests="2" failures="0" timestamp="3 May 2021 09:24:55 GMT" time="0.034" errors="0">
  <testcase name="testcase7" time="0.034" classname="TestNG_Disscussion.Test4"/>
  <testcase name="testcase8" time="0.000" classname="TestNG_Disscussion.Test4"/>
</testsuite> <!-- TestNG_Disscussion.Test4 -->
