<?xml version="1.0" encoding="UTF-8"?>
<!-- Generated by org.testng.reporters.JUnitReportReporter -->
<testsuite hostname="SACHIN" name="TestNG_Disscussion.Parameter" tests="2" failures="0" timestamp="3 May 2021 09:26:50 GMT" time="10.650" errors="0">
  <testcase name="testcase1" time="5.380" classname="TestNG_Disscussion.Parameter"/>
  <testcase name="testcase1" time="5.270" classname="TestNG_Disscussion.Parameter"/>
</testsuite> <!-- TestNG_Disscussion.Parameter -->
