<?xml version="1.0" encoding="UTF-8"?>
<!-- Generated by org.testng.reporters.JUnitReportReporter -->
<testsuite hostname="SACHIN" name="TestNG_Disscussion.Test2" tests="2" failures="0" timestamp="3 May 2021 09:24:55 GMT" time="0.039" errors="0">
  <testcase name="testcase3" time="0.035" classname="TestNG_Disscussion.Test2"/>
  <testcase name="testcase4" time="0.004" classname="TestNG_Disscussion.Test2"/>
</testsuite> <!-- TestNG_Disscussion.Test2 -->
