<?xml version="1.0" encoding="UTF-8"?>
<!-- Generated by org.testng.reporters.JUnitReportReporter -->
<testsuite hostname="SACHIN" name="TestNG_Disscussion.AnnotationInTestNG2" tests="1" failures="0" timestamp="28 Apr 2021 07:39:21 GMT" time="0.000" errors="0">
  <testcase name="testcase" time="0.000" classname="TestNG_Disscussion.AnnotationInTestNG2"/>
</testsuite> <!-- TestNG_Disscussion.AnnotationInTestNG2 -->
